<?xml version="1.0" encoding="UTF-8"?>
<testng-results ignored="0" total="1" passed="1" failed="0" skipped="0">
  <reporter-output>
  </reporter-output>
  <suite started-at="2023-11-07T13:29:08 IST" name="Suite" finished-at="2023-11-07T13:29:55 IST" duration-ms="46941">
    <groups>
    </groups>
    <test started-at="2023-11-07T13:29:08 IST" name="Test" finished-at="2023-11-07T13:29:55 IST" duration-ms="46941">
      <class name="Package.Automation_eCommerce">
        <test-method signature="E_Comerce()[pri:0, instance:Package.Automation_eCommerce@6e0f5f7f]" started-at="2023-11-07T13:29:08 IST" name="E_Comerce" finished-at="2023-11-07T13:29:55 IST" duration-ms="46895" status="PASS">
          <reporter-output>
          </reporter-output>
        </test-method> <!-- E_Comerce -->
      </class> <!-- Package.Automation_eCommerce -->
    </test> <!-- Test -->
  </suite> <!-- Suite -->
</testng-results>
